<?xml version="1.0" encoding="UTF-8"?>
<!-- Generated by org.testng.reporters.JUnitReportReporter -->
<testsuite skipped="0" hostname="Imthiyaz-PC" name="pack.A" tests="2" failures="0" timestamp="12 Feb 2019 07:52:03 GMT" time="0.017" errors="0">
  <testcase name="y" time="0.003" classname="pack.A"/>
  <testcase name="x" time="0.014" classname="pack.A"/>
</testsuite> <!-- pack.A -->
